# JRE version: OpenJDK Runtime Environment (11.0.13) (build 11.0.13+0-b1751.21-8125866)
# Java VM: OpenJDK 64-Bit Server VM (11.0.13+0-b1751.21-8125866, mixed mode, tiered, compressed oops, g1 gc, windows-amd64)
Heap:
 garbage-first heap   total 435200K, used 273805K [0x0000000080000000, 0x0000000100000000)
  region size 1024K, 106 young (108544K), 7 survivors (7168K)
 Metaspace       used 139999K, capacity 143747K, committed 144848K, reserved 1175552K
  class space    used 17223K, capacity 18643K, committed 19072K, reserved 1048576K
GC Heap History (20 events):
Event: 48.967 GC heap before
{Heap before GC invocations=54 (full 0):
 garbage-first heap   total 435200K, used 318917K [0x0000000080000000, 0x0000000100000000)
  region size 1024K, 72 young (73728K), 2 survivors (2048K)
 Metaspace       used 106445K, capacity 109031K, committed 109136K, reserved 1144832K
  class space    used 13735K, capacity 14759K, committed 14848K, reserved 1048576K
}
Event: 48.978 GC heap after
{Heap after GC invocations=55 (full 0):
 garbage-first heap   total 435200K, used 239388K [0x0000000080000000, 0x0000000100000000)
  region size 1024K, 3 young (3072K), 3 survivors (3072K)
 Metaspace       used 106445K, capacity 109031K, committed 109136K, reserved 1144832K
  class space    used 13735K, capacity 14759K, committed 14848K, reserved 1048576K
}
Event: 50.379 GC heap before
{Heap before GC invocations=55 (full 0):
 garbage-first heap   total 435200K, used 257820K [0x0000000080000000, 0x0000000100000000)
  region size 1024K, 21 young (21504K), 3 survivors (3072K)
 Metaspace       used 108105K, capacity 110756K, committed 110800K, reserved 1144832K
  class space    used 13950K, capacity 14972K, committed 14976K, reserved 1048576K
}
Event: 50.390 GC heap after
{Heap after GC invocations=56 (full 0):
 garbage-first heap   total 435200K, used 218832K [0x0000000080000000, 0x0000000100000000)
  region size 1024K, 1 young (1024K), 1 survivors (1024K)
 Metaspace       used 108105K, capacity 110756K, committed 110800K, reserved 1144832K
  class space    used 13950K, capacity 14972K, committed 14976K, reserved 1048576K
}
Event: 110.591 GC heap before
{Heap before GC invocations=56 (full 0):
 garbage-first heap   total 435200K, used 301776K [0x0000000080000000, 0x0000000100000000)
  region size 1024K, 83 young (84992K), 1 survivors (1024K)
 Metaspace       used 110863K, capacity 113846K, committed 114128K, reserved 1148928K
  class space    used 14263K, capacity 15402K, committed 15488K, reserved 1048576K
}
Event: 110.620 GC heap after
{Heap after GC invocations=57 (full 0):
 garbage-first heap   total 435200K, used 225809K [0x0000000080000000, 0x0000000100000000)
  region size 1024K, 8 young (8192K), 8 survivors (8192K)
 Metaspace       used 110863K, capacity 113846K, committed 114128K, reserved 1148928K
  class space    used 14263K, capacity 15402K, committed 15488K, reserved 1048576K
}
Event: 116.220 GC heap before
{Heap before GC invocations=58 (full 0):
 garbage-first heap   total 435200K, used 236049K [0x0000000080000000, 0x0000000100000000)
  region size 1024K, 93 young (95232K), 8 survivors (8192K)
 Metaspace       used 117491K, capacity 120703K, committed 120912K, reserved 1155072K
  class space    used 15101K, capacity 16317K, committed 16384K, reserved 1048576K
}
Event: 116.248 GC heap after
{Heap after GC invocations=59 (full 0):
 garbage-first heap   total 435200K, used 156872K [0x0000000080000000, 0x0000000100000000)
  region size 1024K, 7 young (7168K), 7 survivors (7168K)
 Metaspace       used 117491K, capacity 120703K, committed 120912K, reserved 1155072K
  class space    used 15101K, capacity 16317K, committed 16384K, reserved 1048576K
}
Event: 117.570 GC heap before
{Heap before GC invocations=59 (full 0):
 garbage-first heap   total 435200K, used 172232K [0x0000000080000000, 0x0000000100000000)
  region size 1024K, 21 young (21504K), 7 survivors (7168K)
 Metaspace       used 118272K, capacity 121523K, committed 121808K, reserved 1155072K
  class space    used 15167K, capacity 16400K, committed 16512K, reserved 1048576K
}
Event: 117.590 GC heap after
{Heap after GC invocations=60 (full 0):
 garbage-first heap   total 435200K, used 131920K [0x0000000080000000, 0x0000000100000000)
  region size 1024K, 3 young (3072K), 3 survivors (3072K)
 Metaspace       used 118272K, capacity 121523K, committed 121808K, reserved 1155072K
  class space    used 15167K, capacity 16400K, committed 16512K, reserved 1048576K
}
Event: 120.694 GC heap before
{Heap before GC invocations=60 (full 0):
 garbage-first heap   total 435200K, used 253776K [0x0000000080000000, 0x0000000100000000)
  region size 1024K, 121 young (123904K), 3 survivors (3072K)
 Metaspace       used 125800K, capacity 129471K, committed 129744K, reserved 1161216K
  class space    used 16060K, capacity 17448K, committed 17536K, reserved 1048576K
}
Event: 120.722 GC heap after
{Heap after GC invocations=61 (full 0):
 garbage-first heap   total 435200K, used 143763K [0x0000000080000000, 0x0000000100000000)
  region size 1024K, 15 young (15360K), 15 survivors (15360K)
 Metaspace       used 125800K, capacity 129471K, committed 129744K, reserved 1161216K
  class space    used 16060K, capacity 17448K, committed 17536K, reserved 1048576K
}
Event: 909.038 GC heap before
{Heap before GC invocations=61 (full 0):
 garbage-first heap   total 435200K, used 330131K [0x0000000080000000, 0x0000000100000000)
  region size 1024K, 149 young (152576K), 15 survivors (15360K)
 Metaspace       used 128885K, capacity 132776K, committed 133072K, reserved 1165312K
  class space    used 16427K, capacity 17946K, committed 18048K, reserved 1048576K
}
Event: 909.056 GC heap after
{Heap after GC invocations=62 (full 0):
 garbage-first heap   total 435200K, used 138227K [0x0000000080000000, 0x0000000100000000)
  region size 1024K, 4 young (4096K), 4 survivors (4096K)
 Metaspace       used 128885K, capacity 132776K, committed 133072K, reserved 1165312K
  class space    used 16427K, capacity 17946K, committed 18048K, reserved 1048576K
}
Event: 3458.360 GC heap before
{Heap before GC invocations=62 (full 0):
 garbage-first heap   total 435200K, used 336883K [0x0000000080000000, 0x0000000100000000)
  region size 1024K, 197 young (201728K), 4 survivors (4096K)
 Metaspace       used 131062K, capacity 135076K, committed 135248K, reserved 1167360K
  class space    used 16592K, capacity 18144K, committed 18176K, reserved 1048576K
}
Event: 3458.421 GC heap after
{Heap after GC invocations=63 (full 0):
 garbage-first heap   total 435200K, used 156155K [0x0000000080000000, 0x0000000100000000)
  region size 1024K, 22 young (22528K), 22 survivors (22528K)
 Metaspace       used 131062K, capacity 135076K, committed 135248K, reserved 1167360K
  class space    used 16592K, capacity 18144K, committed 18176K, reserved 1048576K
}
Event: 3488.781 GC heap before
{Heap before GC invocations=63 (full 0):
 garbage-first heap   total 435200K, used 357883K [0x0000000080000000, 0x0000000100000000)
  region size 1024K, 195 young (199680K), 22 survivors (22528K)
 Metaspace       used 139396K, capacity 143477K, committed 143696K, reserved 1173504K
  class space    used 17379K, capacity 18940K, committed 18944K, reserved 1048576K
}
Event: 3488.812 GC heap after
{Heap after GC invocations=64 (full 0):
 garbage-first heap   total 435200K, used 147341K [0x0000000080000000, 0x0000000100000000)
  region size 1024K, 6 young (6144K), 6 survivors (6144K)
 Metaspace       used 139396K, capacity 143477K, committed 143696K, reserved 1173504K
  class space    used 17379K, capacity 18940K, committed 18944K, reserved 1048576K
}
Event: 3498.624 GC heap before
{Heap before GC invocations=64 (full 0):
 garbage-first heap   total 435200K, used 329613K [0x0000000080000000, 0x0000000100000000)
  region size 1024K, 162 young (165888K), 6 survivors (6144K)
 Metaspace       used 140362K, capacity 144464K, committed 144592K, reserved 1175552K
  class space    used 17388K, capacity 18954K, committed 19072K, reserved 1048576K
}
Event: 3498.640 GC heap after
{Heap after GC invocations=65 (full 0):
 garbage-first heap   total 435200K, used 157069K [0x0000000080000000, 0x0000000100000000)
  region size 1024K, 7 young (7168K), 7 survivors (7168K)
 Metaspace       used 140362K, capacity 144464K, committed 144592K, reserved 1175552K
  class space    used 17388K, capacity 18954K, committed 19072K, reserved 1048576K
}

